
  ___  ____  ____  ____  ____ ®
 /__    /   ____/   /   ____/      18.0
___/   /   /___/   /   /___/       MP—Parallel Edition

 Statistics and Data Science       Copyright 1985-2023 StataCorp LLC
                                   StataCorp
                                   4905 Lakeway Drive
                                   College Station, Texas 77845 USA
                                   800-STATA-PC        https://www.stata.com
                                   979-696-4600        stata@stata.com

Stata license: Single-user 2-core  perpetual
Serial number: 501806366048
  Licensed to: 蔡炫宇
               1

Notes:
      1. Stata is running in batch mode.
      2. Unicode is supported; see help unicode_advice.
      3. More than 2 billion observations are allowed; see help obs_advice.
      4. Maximum number of variables is set to 5,000 but can be increased;
          see help set_maxvar.


Running /Applications/Stata/profile.do ...

. do /Users/cxy/Desktop/2026project/pertest_sj/tmp/rebuild_mlib.do 

. local base "/Users/cxy/Desktop/2026project/pertest_sj/pretest-main"

. 
. capture mata: mata drop _pretest_*()

. 
. quietly do "`base'/mata/_pretest_utils.mata"

. quietly do "`base'/mata/_pretest_estimators.mata"

. quietly do "`base'/mata/_pretest_violations.mata"

. quietly do "`base'/mata/_pretest_covariance.mata"

. quietly do "`base'/mata/_pretest_kappa.mata"

. quietly do "`base'/mata/_pretest_psi.mata"

. quietly do "`base'/mata/_pretest_ci.mata"

. capture quietly do "`base'/mata/_pretest_simulation.mata"

. quietly do "`base'/mata/_pretest_main.mata"

. 
. capture erase "`base'/lpretest.mlib"

. mata: mata mlib create lpretest, dir("`base'") replace
(file /Users/cxy/Desktop/2026project/pertest_sj/pretest-main/lpretest.mlib
    not found)
(file /Users/cxy/Desktop/2026project/pertest_sj/pretest-main/lpretest.mlib
    created)

. mata: mata mlib add lpretest _pretest_*(), dir("`base'")
(55 functions added)

. 
. di "Build complete."
Build complete.

. mata: mata describe _pretest_main_compute()

      # bytes   type                        name and extent
-------------------------------------------------------------------------------
        6,752   void                        _pretest_main_compute()
-------------------------------------------------------------------------------

. 
end of do-file
